C51 COMPILER V9.60.7.0   MAIN                                                              08/12/2025 19:28:31 PAGE 1   


C51 COMPILER V9.60.7.0, COMPILATION OF MODULE MAIN
OBJECT MODULE PLACED IN .\Objects\main.obj
COMPILER INVOKED BY: C:\Users\mohan\AppData\Local\Keil_v5\C51\BIN\C51.EXE main.c OPTIMIZE(8,SPEED) BROWSE DEBUG OBJECTEX
                    -TEND PRINT(.\Listings\main.lst) TABS(2) OBJECT(.\Objects\main.obj)

line level    source

   1          #include <reg51.h>
   2          #include "sevensegment.h"
   3          
   4          unsigned int number = 0;
   5          unsigned char currentDigit = 0;
   6          
   7          void config(void) {
   8   1          TMOD = 0x01;     // Timer0 Mode 1: 16-bit
   9   1          TH0 = 0xFC;      // ~1 ms reload
  10   1          TL0 = 0x66;
  11   1          TR0 = 1;         // Start Timer0
  12   1          P0 = 0x00;
  13   1      }
  14          
  15          void main(void) {
  16   1          unsigned int msCount = 0;
  17   1          config();
  18   1      
  19   1          while (1) {
  20   2              if (TF0) {
  21   3                  TF0 = 0;
  22   3                  TH0 = 0xFC;
  23   3                  TL0 = 0x66;
  24   3      
  25   3                  // Alternate digits every 1 ms
  26   3                  if (currentDigit == 0) {
  27   4                      displayDigit(number / 10, 2); // Tens
  28   4                      currentDigit = 1;
  29   4                  } else {
  30   4                      displayDigit(number % 10, 1); // Units
  31   4                      currentDigit = 0;
  32   4                  }
  33   3      
  34   3                  // Count milliseconds
  35   3                  msCount++;
  36   3                  if (msCount >= 1000) { // 1 second
  37   4                      msCount = 0;
  38   4                      number++;
  39   4                      if (number >= 100) number = 0;
  40   4                  }
  41   3              }
  42   2          }
  43   1      }


MODULE INFORMATION:   STATIC OVERLAYABLE
   CODE SIZE        =    120    ----
   CONSTANT SIZE    =   ----    ----
   XDATA SIZE       =   ----    ----
   PDATA SIZE       =   ----    ----
   DATA SIZE        =      3       2
   IDATA SIZE       =   ----    ----
   BIT SIZE         =   ----    ----
END OF MODULE INFORMATION.

C51 COMPILER V9.60.7.0   MAIN                                                              08/12/2025 19:28:31 PAGE 2   


C51 COMPILATION COMPLETE.  0 WARNING(S),  0 ERROR(S)
