C51 COMPILER V9.60.7.0   MAIN                                                              07/19/2025 00:36:49 PAGE 1   


C51 COMPILER V9.60.7.0, COMPILATION OF MODULE MAIN
OBJECT MODULE PLACED IN .\Objects\main.obj
COMPILER INVOKED BY: C:\Users\mohan\AppData\Local\Keil_v5\C51\BIN\C51.EXE main.c OPTIMIZE(8,SPEED) BROWSE DEBUG OBJECTEX
                    -TEND PRINT(.\Listings\main.lst) TABS(2) OBJECT(.\Objects\main.obj)

line level    source

   1          
   2          #include <reg51.h>   // Only include this once
   3          
   4          
   5          void main() {
   6   1        
   7   1          TMOD = 0x01;   // Timer0 Mode1 (16-bit)
   8   1          TH0 = 0x3C;
   9   1          TL0 = 0xB0;
  10   1          TR0 = 1;       // Start timer
  11   1      
  12   1          while (1) {
  13   2              if (TF0) {
  14   3                  TF0 = 0;       // Clear overflow flag
  15   3                  P2 ^= 0x01;    // Toggle P1.0
  16   3                  TH0 = 0x3C;
  17   3                  TL0 = 0xB0;
  18   3              }
  19   2          }
  20   1      }


MODULE INFORMATION:   STATIC OVERLAYABLE
   CODE SIZE        =     27    ----
   CONSTANT SIZE    =   ----    ----
   XDATA SIZE       =   ----    ----
   PDATA SIZE       =   ----    ----
   DATA SIZE        =   ----    ----
   IDATA SIZE       =   ----    ----
   BIT SIZE         =   ----    ----
END OF MODULE INFORMATION.


C51 COMPILATION COMPLETE.  0 WARNING(S),  0 ERROR(S)
